<?xml version="1.0" encoding="UTF-8"?>
<!-- Generated by org.testng.reporters.JUnitXMLReporter -->
<testsuite ignored="2" hostname="DESKTOP-3BP8S7P" failures="0" tests="4" name="Test" time="31.753" errors="0" timestamp="2023-03-07T13:31:44 CST">
  <testcase classname="testCase.TC_003_LoginDataDrivenTest" name="test_loginDDt" time="11.353"/>
  <testcase classname="testCase.TC_003_LoginDataDrivenTest" name="test_loginDDt" time="1.106"/>
  <testcase classname="testCase.TC_003_LoginDataDrivenTest" name="test_loginDDt" time="10.808"/>
  <testcase classname="testCase.TC_003_LoginDataDrivenTest" name="test_loginDDt" time="1.162"/>
  <testcase classname="testCase.TC_002_LoginTest" name="test_Login" time="0.0">
    <ignored/>
  </testcase> <!-- test_Login -->
  <testcase classname="testCase.TC_001_AccountRegistrationForm" name="Test_AccountRegistration" time="0.0">
    <ignored/>
  </testcase> <!-- Test_AccountRegistration -->
</testsuite> <!-- Test -->
