<?xml version="1.0" encoding="UTF-8"?>
<!-- Generated by org.testng.reporters.JUnitXMLReporter -->
<testsuite ignored="0" hostname="DESKTOP-3BP8S7P" failures="0" tests="4" name="Test" time="29.104" errors="0" timestamp="2023-03-10T12:09:40 CST">
  <testcase classname="testCase.TC_003_LoginDataDrivenTest" name="test_loginDDt" time="10.71"/>
  <testcase classname="testCase.TC_003_LoginDataDrivenTest" name="test_loginDDt" time="0.892"/>
  <testcase classname="testCase.TC_003_LoginDataDrivenTest" name="test_loginDDt" time="10.572"/>
  <testcase classname="testCase.TC_003_LoginDataDrivenTest" name="test_loginDDt" time="0.77"/>
</testsuite> <!-- Test -->
