<?xml version="1.0" encoding="UTF-8"?>
<!-- Generated by org.testng.reporters.JUnitXMLReporter -->
<testsuite ignored="0" hostname="DESKTOP-3BP8S7P" failures="1" tests="2" name="Test(failed)" time="8.87" errors="0" timestamp="2022-12-27T10:42:25 CST">
  <testcase classname="testCase.TC_001_AccountRegistrationForm" name="Test_AccountRegistration" time="3.115"/>
  <testcase classname="testCase.TC_002_LoginTest" name="test_Login" time="0.345">
    <failure type="java.lang.AssertionError" message="null">
      <![CDATA[java.lang.AssertionError: null
at testCase.TC_002_LoginTest.test_Login(TC_002_LoginTest.java:52)
at java.base/java.util.ArrayList.forEach(ArrayList.java:1540)
... Removed 29 stack frames]]>
    </failure>
  </testcase> <!-- test_Login -->
</testsuite> <!-- Test(failed) -->
