<?xml version="1.0" encoding="UTF-8"?>
<testng-results ignored="0" total="1" passed="1" failed="0" skipped="0">
  <reporter-output>
  </reporter-output>
  <suite started-at="2023-01-03T06:53:29 CST" name="Suite" finished-at="2023-01-03T06:53:37 CST" duration-ms="8788">
    <groups>
    </groups>
    <test started-at="2023-01-03T06:53:29 CST" name="Test" finished-at="2023-01-03T06:53:37 CST" duration-ms="8788">
      <class name="testCase.TC_005_AddToCartTest">
        <test-method is-config="true" signature="setup(java.lang.String)[pri:0, instance:testCase.TC_005_AddToCartTest@3ee37e5a]" started-at="2023-01-03T06:53:29 CST" name="setup" finished-at="2023-01-03T06:53:33 CST" duration-ms="4472" status="PASS">
          <params>
            <param index="0">
              <value>
                <![CDATA[chrome]]>
              </value>
            </param>
          </params>
          <reporter-output>
          </reporter-output>
        </test-method> <!-- setup -->
        <test-method signature="test_addToCart()[pri:0, instance:testCase.TC_005_AddToCartTest@3ee37e5a]" started-at="2023-01-03T06:53:33 CST" name="test_addToCart" finished-at="2023-01-03T06:53:36 CST" duration-ms="3096" status="PASS">
          <reporter-output>
          </reporter-output>
        </test-method> <!-- test_addToCart -->
        <test-method is-config="true" signature="tearDown()[pri:0, instance:testCase.TC_005_AddToCartTest@3ee37e5a]" started-at="2023-01-03T06:53:36 CST" name="tearDown" finished-at="2023-01-03T06:53:37 CST" duration-ms="872" status="PASS">
          <reporter-output>
          </reporter-output>
        </test-method> <!-- tearDown -->
      </class> <!-- testCase.TC_005_AddToCartTest -->
    </test> <!-- Test -->
  </suite> <!-- Suite -->
</testng-results>
