<?xml version="1.0" encoding="UTF-8"?>
<testng-results ignored="0" total="2" passed="2" failed="0" skipped="0">
  <reporter-output>
  </reporter-output>
  <suite started-at="2022-12-28T09:48:09 CST" name="Suite" finished-at="2022-12-28T09:48:18 CST" duration-ms="9220">
    <groups>
      <group name="Master">
        <method signature="TC_001_AccountRegistrationForm.Test_AccountRegistration()[pri:0, instance:testCase.TC_001_AccountRegistrationForm@3a44431a]" name="Test_AccountRegistration" class="testCase.TC_001_AccountRegistrationForm"/>
        <method signature="TC_002_LoginTest.test_Login()[pri:0, instance:testCase.TC_002_LoginTest@316bcf94]" name="test_Login" class="testCase.TC_002_LoginTest"/>
      </group> <!-- Master -->
      <group name="Sanity">
        <method signature="TC_002_LoginTest.test_Login()[pri:0, instance:testCase.TC_002_LoginTest@316bcf94]" name="test_Login" class="testCase.TC_002_LoginTest"/>
      </group> <!-- Sanity -->
      <group name="Regression">
        <method signature="TC_001_AccountRegistrationForm.Test_AccountRegistration()[pri:0, instance:testCase.TC_001_AccountRegistrationForm@3a44431a]" name="Test_AccountRegistration" class="testCase.TC_001_AccountRegistrationForm"/>
      </group> <!-- Regression -->
    </groups>
    <test started-at="2022-12-28T09:48:09 CST" name="Test" finished-at="2022-12-28T09:48:18 CST" duration-ms="9220">
      <class name="testCase.TC_001_AccountRegistrationForm">
        <test-method is-config="true" signature="setup(java.lang.String)[pri:0, instance:testCase.TC_001_AccountRegistrationForm@3a44431a]" started-at="2022-12-28T09:48:09 CST" name="setup" finished-at="2022-12-28T09:48:11 CST" duration-ms="2482" status="PASS">
          <params>
            <param index="0">
              <value>
                <![CDATA[chrome]]>
              </value>
            </param>
          </params>
          <reporter-output>
          </reporter-output>
        </test-method> <!-- setup -->
        <test-method signature="Test_AccountRegistration()[pri:0, instance:testCase.TC_001_AccountRegistrationForm@3a44431a]" started-at="2022-12-28T09:48:11 CST" name="Test_AccountRegistration" finished-at="2022-12-28T09:48:15 CST" duration-ms="3196" status="PASS">
          <reporter-output>
          </reporter-output>
        </test-method> <!-- Test_AccountRegistration -->
        <test-method is-config="true" signature="tearDown()[pri:0, instance:testCase.TC_001_AccountRegistrationForm@3a44431a]" started-at="2022-12-28T09:48:15 CST" name="tearDown" finished-at="2022-12-28T09:48:15 CST" duration-ms="681" status="PASS">
          <reporter-output>
          </reporter-output>
        </test-method> <!-- tearDown -->
      </class> <!-- testCase.TC_001_AccountRegistrationForm -->
      <class name="testCase.TC_002_LoginTest">
        <test-method is-config="true" signature="setup(java.lang.String)[pri:0, instance:testCase.TC_002_LoginTest@316bcf94]" started-at="2022-12-28T09:48:15 CST" name="setup" finished-at="2022-12-28T09:48:16 CST" duration-ms="1229" status="PASS">
          <params>
            <param index="0">
              <value>
                <![CDATA[chrome]]>
              </value>
            </param>
          </params>
          <reporter-output>
          </reporter-output>
        </test-method> <!-- setup -->
        <test-method signature="test_Login()[pri:0, instance:testCase.TC_002_LoginTest@316bcf94]" started-at="2022-12-28T09:48:16 CST" name="test_Login" finished-at="2022-12-28T09:48:17 CST" duration-ms="757" status="PASS">
          <reporter-output>
          </reporter-output>
        </test-method> <!-- test_Login -->
        <test-method is-config="true" signature="tearDown()[pri:0, instance:testCase.TC_002_LoginTest@316bcf94]" started-at="2022-12-28T09:48:17 CST" name="tearDown" finished-at="2022-12-28T09:48:18 CST" duration-ms="653" status="PASS">
          <reporter-output>
          </reporter-output>
        </test-method> <!-- tearDown -->
      </class> <!-- testCase.TC_002_LoginTest -->
    </test> <!-- Test -->
  </suite> <!-- Suite -->
</testng-results>
